mktextfm FreeMono
mktextfm FreeMono
mktextfm FreeMono
mktextfm FreeMono/BI
mktextfm FreeMono
mktextfm FreeMono/B
mktextfm FreeMono
mktextfm FreeMono/I
mktextfm FreeMono
mktextfm FreeMono
mktextfm FreeMono
mktextfm Monaco
mktextfm Monaco
mktextfm Monaco
mktextfm Monaco/BI
mktextfm Monaco
mktextfm Monaco/B
mktextfm Monaco
mktextfm Monaco/I
mktextfm Monaco
mktextfm Monaco
mktextfm FreeMono/OT
mktextfm FreeMono/OT
mktextfm FreeMono/OT
mktextfm FreeMono/BI/OT
mktextfm FreeMono/OT
mktextfm FreeMono/B/OT
mktextfm FreeMono/OT
mktextfm FreeMono/I/OT
mktextfm FreeMono/OT
mktextfm FreeMono/OT
mktextfm FreeMono
mktextfm FreeMono
mktextfm FreeMono
mktextfm FreeMono
mktextfm FreeMono/OT
mktextfm FreeMono/OT
mktextfm FreeMono
mktextfm FreeMono
mktextfm FreeMono
mktextfm FreeMono/BI
mktextfm FreeMono
mktextfm FreeMono/B
mktextfm FreeMono
mktextfm FreeMono/I
mktextfm FreeMono
mktextfm FreeMono
mktextfm FreeMono
mktextfm Monaco
mktextfm Monaco
mktextfm Monaco
mktextfm Monaco/BI
mktextfm Monaco
mktextfm Monaco/B
mktextfm Monaco
mktextfm Monaco/I
mktextfm Monaco
mktextfm Monaco
mktextfm Monaco
mktextfm Monaco
mktextfm Monaco
mktextfm Monaco/BI
mktextfm Monaco
mktextfm Monaco/B
mktextfm Monaco
mktextfm Monaco/I
mktextfm Monaco
mktextfm Monaco
mktextfm Monaco
mktextfm Monaco
mktextfm Monaco
mktextfm Consolas
mktextfm Consolas
mktextfm Consolas
mktextfm Consolas
mktextfm Consolas/BI
mktextfm Consolas
mktextfm Consolas/B
mktextfm Consolas
mktextfm Consolas/I
mktextfm Consolas
